ERROR - 2024-03-08 18:40:07 --> mysqli_sql_exception: Cannot add foreign key constraint in /var/www/vhosts/ubaldodiaznunez/back/niwviu/vendor/codeigniter4/framework/system/Database/mysqli/Connection.php:306
Stack trace:
#0 /var/www/vhosts/ubaldodiaznunez/back/niwviu/vendor/codeigniter4/framework/system/Database/mysqli/Connection.php(306): mysqli->query('CREATE TABLE `c...', 0)
#1 /var/www/vhosts/ubaldodiaznunez/back/niwviu/vendor/codeigniter4/framework/system/Database/BaseConnection.php(693): CodeIgniter\Database\MySQLi\Connection->execute('CREATE TABLE `c...')
#2 /var/www/vhosts/ubaldodiaznunez/back/niwviu/vendor/codeigniter4/framework/system/Database/BaseConnection.php(607): CodeIgniter\Database\BaseConnection->simpleQuery('CREATE TABLE `c...')
#3 /var/www/vhosts/ubaldodiaznunez/back/niwviu/vendor/codeigniter4/framework/system/Database/Forge.php(555): CodeIgniter\Database\BaseConnection->query('CREATE TABLE `c...')
#4 /var/www/vhosts/ubaldodiaznunez/back/niwviu/app/Database/Migrations/2024-03-08-182049_CreateCategorieBookTable.php(34): CodeIgniter\Database\Forge->createTable('categories_book...')
#5 /var/www/vhosts/ubaldodiaznunez/back/niwviu/vendor/codeigniter4/framework/system/Database/MigrationRunner.php(865): App\Database\Migrations\CreateCategorieBookTable->up()
#6 /var/www/vhosts/ubaldodiaznunez/back/niwviu/vendor/codeigniter4/framework/system/Database/MigrationRunner.php(181): CodeIgniter\Database\MigrationRunner->migrate('up', Object(stdClass))
#7 /var/www/vhosts/ubaldodiaznunez/back/niwviu/vendor/codeigniter4/framework/system/Commands/Database/Migrate.php(84): CodeIgniter\Database\MigrationRunner->latest(NULL)
#8 /var/www/vhosts/ubaldodiaznunez/back/niwviu/vendor/codeigniter4/framework/system/CLI/Commands.php(65): CodeIgniter\Commands\Database\Migrate->run(Array)
#9 /var/www/vhosts/ubaldodiaznunez/back/niwviu/vendor/codeigniter4/framework/system/CLI/Console.php(46): CodeIgniter\CLI\Commands->run('migrate', Array)
#10 /var/www/vhosts/ubaldodiaznunez/back/niwviu/spark(102): CodeIgniter\CLI\Console->run()
#11 {main}
ERROR - 2024-03-08 18:41:40 --> mysqli_sql_exception: Cannot add foreign key constraint in /var/www/vhosts/ubaldodiaznunez/back/niwviu/vendor/codeigniter4/framework/system/Database/mysqli/Connection.php:306
Stack trace:
#0 /var/www/vhosts/ubaldodiaznunez/back/niwviu/vendor/codeigniter4/framework/system/Database/mysqli/Connection.php(306): mysqli->query('CREATE TABLE `c...', 0)
#1 /var/www/vhosts/ubaldodiaznunez/back/niwviu/vendor/codeigniter4/framework/system/Database/BaseConnection.php(693): CodeIgniter\Database\MySQLi\Connection->execute('CREATE TABLE `c...')
#2 /var/www/vhosts/ubaldodiaznunez/back/niwviu/vendor/codeigniter4/framework/system/Database/BaseConnection.php(607): CodeIgniter\Database\BaseConnection->simpleQuery('CREATE TABLE `c...')
#3 /var/www/vhosts/ubaldodiaznunez/back/niwviu/vendor/codeigniter4/framework/system/Database/Forge.php(555): CodeIgniter\Database\BaseConnection->query('CREATE TABLE `c...')
#4 /var/www/vhosts/ubaldodiaznunez/back/niwviu/app/Database/Migrations/2024-03-08-182049_CreateCategorieBookTable.php(34): CodeIgniter\Database\Forge->createTable('categories_book...')
#5 /var/www/vhosts/ubaldodiaznunez/back/niwviu/vendor/codeigniter4/framework/system/Database/MigrationRunner.php(865): App\Database\Migrations\CreateCategorieBookTable->up()
#6 /var/www/vhosts/ubaldodiaznunez/back/niwviu/vendor/codeigniter4/framework/system/Database/MigrationRunner.php(181): CodeIgniter\Database\MigrationRunner->migrate('up', Object(stdClass))
#7 /var/www/vhosts/ubaldodiaznunez/back/niwviu/vendor/codeigniter4/framework/system/Commands/Database/Migrate.php(84): CodeIgniter\Database\MigrationRunner->latest(NULL)
#8 /var/www/vhosts/ubaldodiaznunez/back/niwviu/vendor/codeigniter4/framework/system/CLI/Commands.php(65): CodeIgniter\Commands\Database\Migrate->run(Array)
#9 /var/www/vhosts/ubaldodiaznunez/back/niwviu/vendor/codeigniter4/framework/system/CLI/Console.php(46): CodeIgniter\CLI\Commands->run('migrate', Array)
#10 /var/www/vhosts/ubaldodiaznunez/back/niwviu/spark(102): CodeIgniter\CLI\Console->run()
#11 {main}
ERROR - 2024-03-08 18:42:45 --> mysqli_sql_exception: Cannot add foreign key constraint in /var/www/vhosts/ubaldodiaznunez/back/niwviu/vendor/codeigniter4/framework/system/Database/mysqli/Connection.php:306
Stack trace:
#0 /var/www/vhosts/ubaldodiaznunez/back/niwviu/vendor/codeigniter4/framework/system/Database/mysqli/Connection.php(306): mysqli->query('CREATE TABLE `c...', 0)
#1 /var/www/vhosts/ubaldodiaznunez/back/niwviu/vendor/codeigniter4/framework/system/Database/BaseConnection.php(693): CodeIgniter\Database\MySQLi\Connection->execute('CREATE TABLE `c...')
#2 /var/www/vhosts/ubaldodiaznunez/back/niwviu/vendor/codeigniter4/framework/system/Database/BaseConnection.php(607): CodeIgniter\Database\BaseConnection->simpleQuery('CREATE TABLE `c...')
#3 /var/www/vhosts/ubaldodiaznunez/back/niwviu/vendor/codeigniter4/framework/system/Database/Forge.php(555): CodeIgniter\Database\BaseConnection->query('CREATE TABLE `c...')
#4 /var/www/vhosts/ubaldodiaznunez/back/niwviu/app/Database/Migrations/2024-03-08-182049_CreateCategorieBookTable.php(34): CodeIgniter\Database\Forge->createTable('categories_book...')
#5 /var/www/vhosts/ubaldodiaznunez/back/niwviu/vendor/codeigniter4/framework/system/Database/MigrationRunner.php(865): App\Database\Migrations\CreateCategorieBookTable->up()
#6 /var/www/vhosts/ubaldodiaznunez/back/niwviu/vendor/codeigniter4/framework/system/Database/MigrationRunner.php(181): CodeIgniter\Database\MigrationRunner->migrate('up', Object(stdClass))
#7 /var/www/vhosts/ubaldodiaznunez/back/niwviu/vendor/codeigniter4/framework/system/Commands/Database/Migrate.php(84): CodeIgniter\Database\MigrationRunner->latest(NULL)
#8 /var/www/vhosts/ubaldodiaznunez/back/niwviu/vendor/codeigniter4/framework/system/CLI/Commands.php(65): CodeIgniter\Commands\Database\Migrate->run(Array)
#9 /var/www/vhosts/ubaldodiaznunez/back/niwviu/vendor/codeigniter4/framework/system/CLI/BaseCommand.php(115): CodeIgniter\CLI\Commands->run('migrate', Array)
#10 /var/www/vhosts/ubaldodiaznunez/back/niwviu/vendor/codeigniter4/framework/system/Commands/Database/MigrateRefresh.php(85): CodeIgniter\CLI\BaseCommand->call('migrate', Array)
#11 /var/www/vhosts/ubaldodiaznunez/back/niwviu/vendor/codeigniter4/framework/system/CLI/Commands.php(65): CodeIgniter\Commands\Database\MigrateRefresh->run(Array)
#12 /var/www/vhosts/ubaldodiaznunez/back/niwviu/vendor/codeigniter4/framework/system/CLI/Console.php(46): CodeIgniter\CLI\Commands->run('migrate:refresh', Array)
#13 /var/www/vhosts/ubaldodiaznunez/back/niwviu/spark(102): CodeIgniter\CLI\Console->run()
#14 {main}
ERROR - 2024-03-08 18:44:57 --> mysqli_sql_exception: Cannot add foreign key constraint in /var/www/vhosts/ubaldodiaznunez/back/niwviu/vendor/codeigniter4/framework/system/Database/mysqli/Connection.php:306
Stack trace:
#0 /var/www/vhosts/ubaldodiaznunez/back/niwviu/vendor/codeigniter4/framework/system/Database/mysqli/Connection.php(306): mysqli->query('CREATE TABLE `c...', 0)
#1 /var/www/vhosts/ubaldodiaznunez/back/niwviu/vendor/codeigniter4/framework/system/Database/BaseConnection.php(693): CodeIgniter\Database\MySQLi\Connection->execute('CREATE TABLE `c...')
#2 /var/www/vhosts/ubaldodiaznunez/back/niwviu/vendor/codeigniter4/framework/system/Database/BaseConnection.php(607): CodeIgniter\Database\BaseConnection->simpleQuery('CREATE TABLE `c...')
#3 /var/www/vhosts/ubaldodiaznunez/back/niwviu/vendor/codeigniter4/framework/system/Database/Forge.php(555): CodeIgniter\Database\BaseConnection->query('CREATE TABLE `c...')
#4 /var/www/vhosts/ubaldodiaznunez/back/niwviu/app/Database/Migrations/2024-03-08-182049_CreateCategorieBookTable.php(34): CodeIgniter\Database\Forge->createTable('categories_book...')
#5 /var/www/vhosts/ubaldodiaznunez/back/niwviu/vendor/codeigniter4/framework/system/Database/MigrationRunner.php(865): App\Database\Migrations\CreateCategorieBookTable->up()
#6 /var/www/vhosts/ubaldodiaznunez/back/niwviu/vendor/codeigniter4/framework/system/Database/MigrationRunner.php(181): CodeIgniter\Database\MigrationRunner->migrate('up', Object(stdClass))
#7 /var/www/vhosts/ubaldodiaznunez/back/niwviu/vendor/codeigniter4/framework/system/Commands/Database/Migrate.php(84): CodeIgniter\Database\MigrationRunner->latest(NULL)
#8 /var/www/vhosts/ubaldodiaznunez/back/niwviu/vendor/codeigniter4/framework/system/CLI/Commands.php(65): CodeIgniter\Commands\Database\Migrate->run(Array)
#9 /var/www/vhosts/ubaldodiaznunez/back/niwviu/vendor/codeigniter4/framework/system/CLI/BaseCommand.php(115): CodeIgniter\CLI\Commands->run('migrate', Array)
#10 /var/www/vhosts/ubaldodiaznunez/back/niwviu/vendor/codeigniter4/framework/system/Commands/Database/MigrateRefresh.php(85): CodeIgniter\CLI\BaseCommand->call('migrate', Array)
#11 /var/www/vhosts/ubaldodiaznunez/back/niwviu/vendor/codeigniter4/framework/system/CLI/Commands.php(65): CodeIgniter\Commands\Database\MigrateRefresh->run(Array)
#12 /var/www/vhosts/ubaldodiaznunez/back/niwviu/vendor/codeigniter4/framework/system/CLI/Console.php(46): CodeIgniter\CLI\Commands->run('migrate:refresh', Array)
#13 /var/www/vhosts/ubaldodiaznunez/back/niwviu/spark(102): CodeIgniter\CLI\Console->run()
#14 {main}
CRITICAL - 2024-03-08 19:33:12 --> CodeIgniter\View\Exceptions\ViewException: Invalid file: "/categories.php"
in SYSTEMPATH/Exceptions/FrameworkException.php on line 39.
 1 SYSTEMPATH/View/View.php(216): CodeIgniter\Exceptions\FrameworkException::forInvalidFile('/categories.php')
 2 SYSTEMPATH/Router/RouteCollection.php(1117): CodeIgniter\View\View->render('/categories', null)
 3 SYSTEMPATH/CodeIgniter.php(890): CodeIgniter\Router\RouteCollection::CodeIgniter\Router\{closure}()
 4 SYSTEMPATH/CodeIgniter.php(489): CodeIgniter\CodeIgniter->startController()
 5 SYSTEMPATH/CodeIgniter.php(361): CodeIgniter\CodeIgniter->handleRequest(null, Object(Config\Cache), false)
 6 FCPATH/index.php(79): CodeIgniter\CodeIgniter->run()
CRITICAL - 2024-03-08 19:33:32 --> CodeIgniter\View\Exceptions\ViewException: Invalid file: "/users.php"
in SYSTEMPATH/Exceptions/FrameworkException.php on line 39.
 1 SYSTEMPATH/View/View.php(216): CodeIgniter\Exceptions\FrameworkException::forInvalidFile('/users.php')
 2 SYSTEMPATH/Router/RouteCollection.php(1117): CodeIgniter\View\View->render('/users', null)
 3 SYSTEMPATH/CodeIgniter.php(890): CodeIgniter\Router\RouteCollection::CodeIgniter\Router\{closure}()
 4 SYSTEMPATH/CodeIgniter.php(489): CodeIgniter\CodeIgniter->startController()
 5 SYSTEMPATH/CodeIgniter.php(361): CodeIgniter\CodeIgniter->handleRequest(null, Object(Config\Cache), false)
 6 FCPATH/index.php(79): CodeIgniter\CodeIgniter->run()
CRITICAL - 2024-03-08 19:33:38 --> CodeIgniter\View\Exceptions\ViewException: Invalid file: "/books.php"
in SYSTEMPATH/Exceptions/FrameworkException.php on line 39.
 1 SYSTEMPATH/View/View.php(216): CodeIgniter\Exceptions\FrameworkException::forInvalidFile('/books.php')
 2 SYSTEMPATH/Router/RouteCollection.php(1117): CodeIgniter\View\View->render('/books', null)
 3 SYSTEMPATH/CodeIgniter.php(890): CodeIgniter\Router\RouteCollection::CodeIgniter\Router\{closure}()
 4 SYSTEMPATH/CodeIgniter.php(489): CodeIgniter\CodeIgniter->startController()
 5 SYSTEMPATH/CodeIgniter.php(361): CodeIgniter\CodeIgniter->handleRequest(null, Object(Config\Cache), false)
 6 FCPATH/index.php(79): CodeIgniter\CodeIgniter->run()
CRITICAL - 2024-03-08 19:34:14 --> CodeIgniter\View\Exceptions\ViewException: Invalid file: "/books/index.php"
in SYSTEMPATH/Exceptions/FrameworkException.php on line 39.
 1 SYSTEMPATH/View/View.php(216): CodeIgniter\Exceptions\FrameworkException::forInvalidFile('/books/index.php')
 2 SYSTEMPATH/Router/RouteCollection.php(1117): CodeIgniter\View\View->render('/books/index', null)
 3 SYSTEMPATH/CodeIgniter.php(890): CodeIgniter\Router\RouteCollection::CodeIgniter\Router\{closure}()
 4 SYSTEMPATH/CodeIgniter.php(489): CodeIgniter\CodeIgniter->startController()
 5 SYSTEMPATH/CodeIgniter.php(361): CodeIgniter\CodeIgniter->handleRequest(null, Object(Config\Cache), false)
 6 FCPATH/index.php(79): CodeIgniter\CodeIgniter->run()
CRITICAL - 2024-03-08 19:34:32 --> CodeIgniter\View\Exceptions\ViewException: Invalid file: "/books.php"
in SYSTEMPATH/Exceptions/FrameworkException.php on line 39.
 1 SYSTEMPATH/View/View.php(216): CodeIgniter\Exceptions\FrameworkException::forInvalidFile('/books.php')
 2 SYSTEMPATH/Router/RouteCollection.php(1117): CodeIgniter\View\View->render('/books', null)
 3 SYSTEMPATH/CodeIgniter.php(890): CodeIgniter\Router\RouteCollection::CodeIgniter\Router\{closure}()
 4 SYSTEMPATH/CodeIgniter.php(489): CodeIgniter\CodeIgniter->startController()
 5 SYSTEMPATH/CodeIgniter.php(361): CodeIgniter\CodeIgniter->handleRequest(null, Object(Config\Cache), false)
 6 FCPATH/index.php(79): CodeIgniter\CodeIgniter->run()
CRITICAL - 2024-03-08 19:34:33 --> CodeIgniter\View\Exceptions\ViewException: Invalid file: "/books.php"
in SYSTEMPATH/Exceptions/FrameworkException.php on line 39.
 1 SYSTEMPATH/View/View.php(216): CodeIgniter\Exceptions\FrameworkException::forInvalidFile('/books.php')
 2 SYSTEMPATH/Router/RouteCollection.php(1117): CodeIgniter\View\View->render('/books', null)
 3 SYSTEMPATH/CodeIgniter.php(890): CodeIgniter\Router\RouteCollection::CodeIgniter\Router\{closure}()
 4 SYSTEMPATH/CodeIgniter.php(489): CodeIgniter\CodeIgniter->startController()
 5 SYSTEMPATH/CodeIgniter.php(361): CodeIgniter\CodeIgniter->handleRequest(null, Object(Config\Cache), false)
 6 FCPATH/index.php(79): CodeIgniter\CodeIgniter->run()
CRITICAL - 2024-03-08 20:38:25 --> CodeIgniter\Validation\Exceptions\ValidationException: "alphanum" is not a valid rule.
in SYSTEMPATH/Validation/Validation.php on line 336.
 1 SYSTEMPATH/Validation/Validation.php(336): CodeIgniter\Validation\Exceptions\ValidationException::forRuleNotFound('alphanum')
 2 SYSTEMPATH/Validation/Validation.php(200): CodeIgniter\Validation\Validation->processRules('description', 'descripción', 'Libro con Horror', [...], [...])
 3 SYSTEMPATH/Controller.php(152): CodeIgniter\Validation\Validation->run()
 4 APPPATH/Controllers/Categories.php(46): CodeIgniter\Controller->validate([...])
 5 SYSTEMPATH/CodeIgniter.php(941): App\Controllers\Categories->store()
 6 SYSTEMPATH/CodeIgniter.php(502): CodeIgniter\CodeIgniter->runController(Object(App\Controllers\Categories))
 7 SYSTEMPATH/CodeIgniter.php(361): CodeIgniter\CodeIgniter->handleRequest(null, Object(Config\Cache), false)
 8 FCPATH/index.php(79): CodeIgniter\CodeIgniter->run()
CRITICAL - 2024-03-08 20:52:59 --> CodeIgniter\Validation\Exceptions\ValidationException: "alphanum" is not a valid rule.
in SYSTEMPATH/Validation/Validation.php on line 336.
 1 SYSTEMPATH/Validation/Validation.php(336): CodeIgniter\Validation\Exceptions\ValidationException::forRuleNotFound('alphanum')
 2 SYSTEMPATH/Validation/Validation.php(200): CodeIgniter\Validation\Validation->processRules('description', 'descripción', 'Descripción de horror', [...], [...])
 3 SYSTEMPATH/Controller.php(152): CodeIgniter\Validation\Validation->run()
 4 APPPATH/Controllers/Categories.php(46): CodeIgniter\Controller->validate([...])
 5 SYSTEMPATH/CodeIgniter.php(941): App\Controllers\Categories->store()
 6 SYSTEMPATH/CodeIgniter.php(502): CodeIgniter\CodeIgniter->runController(Object(App\Controllers\Categories))
 7 SYSTEMPATH/CodeIgniter.php(361): CodeIgniter\CodeIgniter->handleRequest(null, Object(Config\Cache), false)
 8 FCPATH/index.php(79): CodeIgniter\CodeIgniter->run()
CRITICAL - 2024-03-08 20:55:04 --> CodeIgniter\Validation\Exceptions\ValidationException: "alphanum" is not a valid rule.
in SYSTEMPATH/Validation/Validation.php on line 336.
 1 SYSTEMPATH/Validation/Validation.php(336): CodeIgniter\Validation\Exceptions\ValidationException::forRuleNotFound('alphanum')
 2 SYSTEMPATH/Validation/Validation.php(200): CodeIgniter\Validation\Validation->processRules('description', 'descripción', 'Hor', [...], [...])
 3 SYSTEMPATH/Controller.php(152): CodeIgniter\Validation\Validation->run()
 4 APPPATH/Controllers/Categories.php(46): CodeIgniter\Controller->validate([...])
 5 SYSTEMPATH/CodeIgniter.php(941): App\Controllers\Categories->store()
 6 SYSTEMPATH/CodeIgniter.php(502): CodeIgniter\CodeIgniter->runController(Object(App\Controllers\Categories))
 7 SYSTEMPATH/CodeIgniter.php(361): CodeIgniter\CodeIgniter->handleRequest(null, Object(Config\Cache), false)
 8 FCPATH/index.php(79): CodeIgniter\CodeIgniter->run()
CRITICAL - 2024-03-08 20:56:27 --> CodeIgniter\Validation\Exceptions\ValidationException: "alphanum" is not a valid rule.
in SYSTEMPATH/Validation/Validation.php on line 336.
 1 SYSTEMPATH/Validation/Validation.php(336): CodeIgniter\Validation\Exceptions\ValidationException::forRuleNotFound('alphanum')
 2 SYSTEMPATH/Validation/Validation.php(200): CodeIgniter\Validation\Validation->processRules('description', 'descripción', null, [...], [...])
 3 SYSTEMPATH/Controller.php(152): CodeIgniter\Validation\Validation->run()
 4 APPPATH/Controllers/Categories.php(47): CodeIgniter\Controller->validate([...])
 5 SYSTEMPATH/CodeIgniter.php(941): App\Controllers\Categories->store()
 6 SYSTEMPATH/CodeIgniter.php(502): CodeIgniter\CodeIgniter->runController(Object(App\Controllers\Categories))
 7 SYSTEMPATH/CodeIgniter.php(361): CodeIgniter\CodeIgniter->handleRequest(null, Object(Config\Cache), false)
 8 FCPATH/index.php(79): CodeIgniter\CodeIgniter->run()
CRITICAL - 2024-03-08 20:58:07 --> CodeIgniter\Validation\Exceptions\ValidationException: "alphanum" is not a valid rule.
in SYSTEMPATH/Validation/Validation.php on line 336.
 1 SYSTEMPATH/Validation/Validation.php(336): CodeIgniter\Validation\Exceptions\ValidationException::forRuleNotFound('alphanum')
 2 SYSTEMPATH/Validation/Validation.php(200): CodeIgniter\Validation\Validation->processRules('description', 'descripción', null, [...], [...])
 3 SYSTEMPATH/Controller.php(152): CodeIgniter\Validation\Validation->run()
 4 APPPATH/Controllers/Categories.php(47): CodeIgniter\Controller->validate([...])
 5 SYSTEMPATH/CodeIgniter.php(941): App\Controllers\Categories->store()
 6 SYSTEMPATH/CodeIgniter.php(502): CodeIgniter\CodeIgniter->runController(Object(App\Controllers\Categories))
 7 SYSTEMPATH/CodeIgniter.php(361): CodeIgniter\CodeIgniter->handleRequest(null, Object(Config\Cache), false)
 8 FCPATH/index.php(79): CodeIgniter\CodeIgniter->run()
CRITICAL - 2024-03-08 21:00:28 --> CodeIgniter\Validation\Exceptions\ValidationException: "alphanum" is not a valid rule.
in SYSTEMPATH/Validation/Validation.php on line 336.
 1 SYSTEMPATH/Validation/Validation.php(336): CodeIgniter\Validation\Exceptions\ValidationException::forRuleNotFound('alphanum')
 2 SYSTEMPATH/Validation/Validation.php(200): CodeIgniter\Validation\Validation->processRules('description', 'descripción', '', [...], [...])
 3 SYSTEMPATH/Controller.php(152): CodeIgniter\Validation\Validation->run()
 4 APPPATH/Controllers/Categories.php(46): CodeIgniter\Controller->validate([...])
 5 SYSTEMPATH/CodeIgniter.php(941): App\Controllers\Categories->store()
 6 SYSTEMPATH/CodeIgniter.php(502): CodeIgniter\CodeIgniter->runController(Object(App\Controllers\Categories))
 7 SYSTEMPATH/CodeIgniter.php(361): CodeIgniter\CodeIgniter->handleRequest(null, Object(Config\Cache), false)
 8 FCPATH/index.php(79): CodeIgniter\CodeIgniter->run()
CRITICAL - 2024-03-08 21:01:04 --> CodeIgniter\Validation\Exceptions\ValidationException: "alphanum" is not a valid rule.
in SYSTEMPATH/Validation/Validation.php on line 336.
 1 SYSTEMPATH/Validation/Validation.php(336): CodeIgniter\Validation\Exceptions\ValidationException::forRuleNotFound('alphanum')
 2 SYSTEMPATH/Validation/Validation.php(200): CodeIgniter\Validation\Validation->processRules('description', 'descripción', '', [...], [...])
 3 SYSTEMPATH/Controller.php(152): CodeIgniter\Validation\Validation->run()
 4 APPPATH/Controllers/Categories.php(46): CodeIgniter\Controller->validate([...])
 5 SYSTEMPATH/CodeIgniter.php(941): App\Controllers\Categories->store()
 6 SYSTEMPATH/CodeIgniter.php(502): CodeIgniter\CodeIgniter->runController(Object(App\Controllers\Categories))
 7 SYSTEMPATH/CodeIgniter.php(361): CodeIgniter\CodeIgniter->handleRequest(null, Object(Config\Cache), false)
 8 FCPATH/index.php(79): CodeIgniter\CodeIgniter->run()
CRITICAL - 2024-03-08 21:02:36 --> CodeIgniter\Validation\Exceptions\ValidationException: "" is not a valid rule.
in SYSTEMPATH/Validation/Validation.php on line 336.
 1 SYSTEMPATH/Validation/Validation.php(336): CodeIgniter\Validation\Exceptions\ValidationException::forRuleNotFound('')
 2 SYSTEMPATH/Validation/Validation.php(200): CodeIgniter\Validation\Validation->processRules('description', 'descripción', '', [...], [...])
 3 SYSTEMPATH/Controller.php(152): CodeIgniter\Validation\Validation->run()
 4 APPPATH/Controllers/Categories.php(43): CodeIgniter\Controller->validate([...])
 5 SYSTEMPATH/CodeIgniter.php(941): App\Controllers\Categories->store()
 6 SYSTEMPATH/CodeIgniter.php(502): CodeIgniter\CodeIgniter->runController(Object(App\Controllers\Categories))
 7 SYSTEMPATH/CodeIgniter.php(361): CodeIgniter\CodeIgniter->handleRequest(null, Object(Config\Cache), false)
 8 FCPATH/index.php(79): CodeIgniter\CodeIgniter->run()
CRITICAL - 2024-03-08 21:10:50 --> ErrorException: preg_match(): No ending delimiter '/' found
in SYSTEMPATH/Validation/FormatRules.php on line 173.
 1 [internal function]: CodeIgniter\Debug\Exceptions->errorHandler(2, 'preg_match(): No ending delimiter \'/\' found', '/var/www/vhosts/ubaldodiaznunez/back/niwviu/vendor/codeigniter4/framework/system/Validation/FormatRules.php', 173)
 2 SYSTEMPATH/Validation/FormatRules.php(173): preg_match('/^[a-zA-Z ]+$', 'Ubaldo Diaz Nuñez')
 3 SYSTEMPATH/Validation/StrictRules/FormatRules.php(269): CodeIgniter\Validation\FormatRules->regex_match('Ubaldo Diaz Nuñez', '/^[a-zA-Z ]+$')
 4 SYSTEMPATH/Validation/Validation.php(328): CodeIgniter\Validation\StrictRules\FormatRules->regex_match('Ubaldo Diaz Nuñez', '/^[a-zA-Z ]+$', [...], null, 'name')
 5 SYSTEMPATH/Validation/Validation.php(200): CodeIgniter\Validation\Validation->processRules('name', 'nombre', 'Ubaldo Diaz Nuñez', [...], [...])
 6 SYSTEMPATH/Controller.php(152): CodeIgniter\Validation\Validation->run()
 7 APPPATH/Controllers/Users.php(50): CodeIgniter\Controller->validate([...])
 8 SYSTEMPATH/CodeIgniter.php(941): App\Controllers\Users->store()
 9 SYSTEMPATH/CodeIgniter.php(502): CodeIgniter\CodeIgniter->runController(Object(App\Controllers\Users))
10 SYSTEMPATH/CodeIgniter.php(361): CodeIgniter\CodeIgniter->handleRequest(null, Object(Config\Cache), false)
11 FCPATH/index.php(79): CodeIgniter\CodeIgniter->run()
CRITICAL - 2024-03-08 21:11:04 --> ErrorException: preg_match(): No ending delimiter '/' found
in SYSTEMPATH/Validation/FormatRules.php on line 173.
 1 [internal function]: CodeIgniter\Debug\Exceptions->errorHandler(2, 'preg_match(): No ending delimiter \'/\' found', '/var/www/vhosts/ubaldodiaznunez/back/niwviu/vendor/codeigniter4/framework/system/Validation/FormatRules.php', 173)
 2 SYSTEMPATH/Validation/FormatRules.php(173): preg_match('/^[a-zA-Z ]+$', 'Ubaldo Diaz Nuñez')
 3 SYSTEMPATH/Validation/StrictRules/FormatRules.php(269): CodeIgniter\Validation\FormatRules->regex_match('Ubaldo Diaz Nuñez', '/^[a-zA-Z ]+$')
 4 SYSTEMPATH/Validation/Validation.php(328): CodeIgniter\Validation\StrictRules\FormatRules->regex_match('Ubaldo Diaz Nuñez', '/^[a-zA-Z ]+$', [...], null, 'name')
 5 SYSTEMPATH/Validation/Validation.php(200): CodeIgniter\Validation\Validation->processRules('name', 'nombre', 'Ubaldo Diaz Nuñez', [...], [...])
 6 SYSTEMPATH/Controller.php(152): CodeIgniter\Validation\Validation->run()
 7 APPPATH/Controllers/Users.php(50): CodeIgniter\Controller->validate([...])
 8 SYSTEMPATH/CodeIgniter.php(941): App\Controllers\Users->store()
 9 SYSTEMPATH/CodeIgniter.php(502): CodeIgniter\CodeIgniter->runController(Object(App\Controllers\Users))
10 SYSTEMPATH/CodeIgniter.php(361): CodeIgniter\CodeIgniter->handleRequest(null, Object(Config\Cache), false)
11 FCPATH/index.php(79): CodeIgniter\CodeIgniter->run()
CRITICAL - 2024-03-08 21:13:00 --> ValueError: strpos(): Argument #3 ($offset) must be contained in argument #1 ($haystack)
in SYSTEMPATH/Validation/Validation.php on line 958.
 1 SYSTEMPATH/Validation/Validation.php(958): strpos('required|min_length[5]|max_length[150]|regex_match[/^([a-zA-Z ])+$/]]', '|', 70)
 2 SYSTEMPATH/Validation/Validation.php(595): CodeIgniter\Validation\Validation->splitRules([...])
 3 SYSTEMPATH/Controller.php(196): CodeIgniter\Validation\Validation->setRules([...], [])
 4 SYSTEMPATH/Controller.php(150): CodeIgniter\Controller->setValidator([...], [])
 5 APPPATH/Controllers/Users.php(81): CodeIgniter\Controller->validate([...])
 6 SYSTEMPATH/CodeIgniter.php(941): App\Controllers\Users->update('1')
 7 SYSTEMPATH/CodeIgniter.php(502): CodeIgniter\CodeIgniter->runController(Object(App\Controllers\Users))
 8 SYSTEMPATH/CodeIgniter.php(361): CodeIgniter\CodeIgniter->handleRequest(null, Object(Config\Cache), false)
 9 FCPATH/index.php(79): CodeIgniter\CodeIgniter->run()
ERROR - 2024-03-08 21:22:29 --> Error connecting to the database: mysqli_sql_exception: Connection refused in /var/www/vhosts/ubaldodiaznunez/back/niwviu/vendor/codeigniter4/framework/system/Database/mysqli/Connection.php:184
Stack trace:
#0 /var/www/vhosts/ubaldodiaznunez/back/niwviu/vendor/codeigniter4/framework/system/Database/mysqli/Connection.php(184): mysqli->real_connect('db1', 'root', Object(SensitiveParameterValue), 'test', 3307, '', 0)
#1 /var/www/vhosts/ubaldodiaznunez/back/niwviu/vendor/codeigniter4/framework/system/Database/BaseConnection.php(392): CodeIgniter\Database\MySQLi\Connection->connect(false)
#2 /var/www/vhosts/ubaldodiaznunez/back/niwviu/vendor/codeigniter4/framework/system/Test/DatabaseTestTrait.php(74): CodeIgniter\Database\BaseConnection->initialize()
#3 /var/www/vhosts/ubaldodiaznunez/back/niwviu/vendor/codeigniter4/framework/system/Test/DatabaseTestTrait.php(54): Tests\Feature\Users\GetTest->loadDependencies()
#4 /var/www/vhosts/ubaldodiaznunez/back/niwviu/vendor/codeigniter4/framework/system/Test/CIUnitTestCase.php(249): Tests\Feature\Users\GetTest->setUpDatabase()
#5 /var/www/vhosts/ubaldodiaznunez/back/niwviu/tests/Features/Users/GetTest.php(19): CodeIgniter\Test\CIUnitTestCase->setUp()
#6 /var/www/vhosts/ubaldodiaznunez/back/niwviu/vendor/phpunit/phpunit/src/Framework/TestCase.php(1211): Tests\Feature\Users\GetTest->setUp()
#7 /var/www/vhosts/ubaldodiaznunez/back/niwviu/vendor/phpunit/phpunit/src/Framework/TestResult.php(728): PHPUnit\Framework\TestCase->runBare()
#8 /var/www/vhosts/ubaldodiaznunez/back/niwviu/vendor/phpunit/phpunit/src/Framework/TestCase.php(968): PHPUnit\Framework\TestResult->run(Object(Tests\Feature\Users\GetTest))
#9 /var/www/vhosts/ubaldodiaznunez/back/niwviu/vendor/phpunit/phpunit/src/Framework/TestSuite.php(684): PHPUnit\Framework\TestCase->run(Object(PHPUnit\Framework\TestResult))
#10 /var/www/vhosts/ubaldodiaznunez/back/niwviu/vendor/phpunit/phpunit/src/TextUI/TestRunner.php(651): PHPUnit\Framework\TestSuite->run(Object(PHPUnit\Framework\TestResult))
#11 /var/www/vhosts/ubaldodiaznunez/back/niwviu/vendor/phpunit/phpunit/src/TextUI/Command.php(145): PHPUnit\TextUI\TestRunner->run(Object(PHPUnit\Framework\TestSuite), Array, Array, true)
#12 /var/www/vhosts/ubaldodiaznunez/back/niwviu/vendor/phpunit/phpunit/src/TextUI/Command.php(98): PHPUnit\TextUI\Command->run(Array, true)
#13 /var/www/vhosts/ubaldodiaznunez/back/niwviu/vendor/phpunit/phpunit/phpunit(107): PHPUnit\TextUI\Command::main()
#14 /var/www/vhosts/ubaldodiaznunez/back/niwviu/vendor/bin/phpunit(122): include('/var/www/vhosts...')
#15 {main}

Next CodeIgniter\Database\Exceptions\DatabaseException: Connection refused in /var/www/vhosts/ubaldodiaznunez/back/niwviu/vendor/codeigniter4/framework/system/Database/mysqli/Connection.php:229
Stack trace:
#0 /var/www/vhosts/ubaldodiaznunez/back/niwviu/vendor/codeigniter4/framework/system/Database/BaseConnection.php(392): CodeIgniter\Database\MySQLi\Connection->connect(false)
#1 /var/www/vhosts/ubaldodiaznunez/back/niwviu/vendor/codeigniter4/framework/system/Test/DatabaseTestTrait.php(74): CodeIgniter\Database\BaseConnection->initialize()
#2 /var/www/vhosts/ubaldodiaznunez/back/niwviu/vendor/codeigniter4/framework/system/Test/DatabaseTestTrait.php(54): Tests\Feature\Users\GetTest->loadDependencies()
#3 /var/www/vhosts/ubaldodiaznunez/back/niwviu/vendor/codeigniter4/framework/system/Test/CIUnitTestCase.php(249): Tests\Feature\Users\GetTest->setUpDatabase()
#4 /var/www/vhosts/ubaldodiaznunez/back/niwviu/tests/Features/Users/GetTest.php(19): CodeIgniter\Test\CIUnitTestCase->setUp()
#5 /var/www/vhosts/ubaldodiaznunez/back/niwviu/vendor/phpunit/phpunit/src/Framework/TestCase.php(1211): Tests\Feature\Users\GetTest->setUp()
#6 /var/www/vhosts/ubaldodiaznunez/back/niwviu/vendor/phpunit/phpunit/src/Framework/TestResult.php(728): PHPUnit\Framework\TestCase->runBare()
#7 /var/www/vhosts/ubaldodiaznunez/back/niwviu/vendor/phpunit/phpunit/src/Framework/TestCase.php(968): PHPUnit\Framework\TestResult->run(Object(Tests\Feature\Users\GetTest))
#8 /var/www/vhosts/ubaldodiaznunez/back/niwviu/vendor/phpunit/phpunit/src/Framework/TestSuite.php(684): PHPUnit\Framework\TestCase->run(Object(PHPUnit\Framework\TestResult))
#9 /var/www/vhosts/ubaldodiaznunez/back/niwviu/vendor/phpunit/phpunit/src/TextUI/TestRunner.php(651): PHPUnit\Framework\TestSuite->run(Object(PHPUnit\Framework\TestResult))
#10 /var/www/vhosts/ubaldodiaznunez/back/niwviu/vendor/phpunit/phpunit/src/TextUI/Command.php(145): PHPUnit\TextUI\TestRunner->run(Object(PHPUnit\Framework\TestSuite), Array, Array, true)
#11 /var/www/vhosts/ubaldodiaznunez/back/niwviu/vendor/phpunit/phpunit/src/TextUI/Command.php(98): PHPUnit\TextUI\Command->run(Array, true)
#12 /var/www/vhosts/ubaldodiaznunez/back/niwviu/vendor/phpunit/phpunit/phpunit(107): PHPUnit\TextUI\Command::main()
#13 /var/www/vhosts/ubaldodiaznunez/back/niwviu/vendor/bin/phpunit(122): include('/var/www/vhosts...')
#14 {main}
ERROR - 2024-03-08 23:27:36 --> mysqli_sql_exception: Unknown column 'categories.id' in 'on clause' in /var/www/vhosts/ubaldodiaznunez/back/niwviu/vendor/codeigniter4/framework/system/Database/mysqli/Connection.php:306
Stack trace:
#0 /var/www/vhosts/ubaldodiaznunez/back/niwviu/vendor/codeigniter4/framework/system/Database/mysqli/Connection.php(306): mysqli->query('SELECT *\nFROM `...', 0)
#1 /var/www/vhosts/ubaldodiaznunez/back/niwviu/vendor/codeigniter4/framework/system/Database/BaseConnection.php(693): CodeIgniter\Database\MySQLi\Connection->execute('SELECT *\nFROM `...')
#2 /var/www/vhosts/ubaldodiaznunez/back/niwviu/vendor/codeigniter4/framework/system/Database/BaseConnection.php(607): CodeIgniter\Database\BaseConnection->simpleQuery('SELECT *\nFROM `...')
#3 /var/www/vhosts/ubaldodiaznunez/back/niwviu/vendor/codeigniter4/framework/system/Database/BaseBuilder.php(1616): CodeIgniter\Database\BaseConnection->query('SELECT *\nFROM `...', Array, false)
#4 /var/www/vhosts/ubaldodiaznunez/back/niwviu/vendor/codeigniter4/framework/system/Model.php(242): CodeIgniter\Database\BaseBuilder->get()
#5 /var/www/vhosts/ubaldodiaznunez/back/niwviu/vendor/codeigniter4/framework/system/BaseModel.php(638): CodeIgniter\Model->doFindAll(0, 0)
#6 /var/www/vhosts/ubaldodiaznunez/back/niwviu/app/Controllers/Books.php(20): CodeIgniter\BaseModel->findAll()
#7 /var/www/vhosts/ubaldodiaznunez/back/niwviu/vendor/codeigniter4/framework/system/CodeIgniter.php(941): App\Controllers\Books->index()
#8 /var/www/vhosts/ubaldodiaznunez/back/niwviu/vendor/codeigniter4/framework/system/CodeIgniter.php(502): CodeIgniter\CodeIgniter->runController(Object(App\Controllers\Books))
#9 /var/www/vhosts/ubaldodiaznunez/back/niwviu/vendor/codeigniter4/framework/system/CodeIgniter.php(361): CodeIgniter\CodeIgniter->handleRequest(Object(CodeIgniter\Router\RouteCollection), Object(Config\Cache), true)
#10 /var/www/vhosts/ubaldodiaznunez/back/niwviu/vendor/codeigniter4/framework/system/Test/FeatureTestTrait.php(179): CodeIgniter\CodeIgniter->run(Object(CodeIgniter\Router\RouteCollection), true)
#11 /var/www/vhosts/ubaldodiaznunez/back/niwviu/vendor/codeigniter4/framework/system/Test/FeatureTestTrait.php(199): Tests\Feature\Books\GetTest->call('get', '/api/v1/books', NULL)
#12 /var/www/vhosts/ubaldodiaznunez/back/niwviu/tests/Features/Books/GetTest.php(46): Tests\Feature\Books\GetTest->get('/api/v1/books')
#13 /var/www/vhosts/ubaldodiaznunez/back/niwviu/vendor/phpunit/phpunit/src/Framework/TestCase.php(1612): Tests\Feature\Books\GetTest->test_success()
#14 /var/www/vhosts/ubaldodiaznunez/back/niwviu/vendor/phpunit/phpunit/src/Framework/TestCase.php(1218): PHPUnit\Framework\TestCase->runTest()
#15 /var/www/vhosts/ubaldodiaznunez/back/niwviu/vendor/phpunit/phpunit/src/Framework/TestResult.php(728): PHPUnit\Framework\TestCase->runBare()
#16 /var/www/vhosts/ubaldodiaznunez/back/niwviu/vendor/phpunit/phpunit/src/Framework/TestCase.php(968): PHPUnit\Framework\TestResult->run(Object(Tests\Feature\Books\GetTest))
#17 /var/www/vhosts/ubaldodiaznunez/back/niwviu/vendor/phpunit/phpunit/src/Framework/TestSuite.php(684): PHPUnit\Framework\TestCase->run(Object(PHPUnit\Framework\TestResult))
#18 /var/www/vhosts/ubaldodiaznunez/back/niwviu/vendor/phpunit/phpunit/src/TextUI/TestRunner.php(651): PHPUnit\Framework\TestSuite->run(Object(PHPUnit\Framework\TestResult))
#19 /var/www/vhosts/ubaldodiaznunez/back/niwviu/vendor/phpunit/phpunit/src/TextUI/Command.php(145): PHPUnit\TextUI\TestRunner->run(Object(PHPUnit\Framework\TestSuite), Array, Array, true)
#20 /var/www/vhosts/ubaldodiaznunez/back/niwviu/vendor/phpunit/phpunit/src/TextUI/Command.php(98): PHPUnit\TextUI\Command->run(Array, true)
#21 /var/www/vhosts/ubaldodiaznunez/back/niwviu/vendor/phpunit/phpunit/phpunit(107): PHPUnit\TextUI\Command::main()
#22 /var/www/vhosts/ubaldodiaznunez/back/niwviu/vendor/bin/phpunit(122): include('/var/www/vhosts...')
#23 {main}
ERROR - 2024-03-08 23:29:47 --> mysqli_sql_exception: Unknown column 'book.id' in 'field list' in /var/www/vhosts/ubaldodiaznunez/back/niwviu/vendor/codeigniter4/framework/system/Database/mysqli/Connection.php:306
Stack trace:
#0 /var/www/vhosts/ubaldodiaznunez/back/niwviu/vendor/codeigniter4/framework/system/Database/mysqli/Connection.php(306): mysqli->query('SELECT `book`.`...', 0)
#1 /var/www/vhosts/ubaldodiaznunez/back/niwviu/vendor/codeigniter4/framework/system/Database/BaseConnection.php(693): CodeIgniter\Database\MySQLi\Connection->execute('SELECT `book`.`...')
#2 /var/www/vhosts/ubaldodiaznunez/back/niwviu/vendor/codeigniter4/framework/system/Database/BaseConnection.php(607): CodeIgniter\Database\BaseConnection->simpleQuery('SELECT `book`.`...')
#3 /var/www/vhosts/ubaldodiaznunez/back/niwviu/vendor/codeigniter4/framework/system/Database/BaseBuilder.php(1616): CodeIgniter\Database\BaseConnection->query('SELECT `book`.`...', Array, false)
#4 /var/www/vhosts/ubaldodiaznunez/back/niwviu/vendor/codeigniter4/framework/system/Model.php(242): CodeIgniter\Database\BaseBuilder->get()
#5 /var/www/vhosts/ubaldodiaznunez/back/niwviu/vendor/codeigniter4/framework/system/BaseModel.php(638): CodeIgniter\Model->doFindAll(0, 0)
#6 /var/www/vhosts/ubaldodiaznunez/back/niwviu/app/Controllers/Books.php(22): CodeIgniter\BaseModel->findAll()
#7 /var/www/vhosts/ubaldodiaznunez/back/niwviu/vendor/codeigniter4/framework/system/CodeIgniter.php(941): App\Controllers\Books->index()
#8 /var/www/vhosts/ubaldodiaznunez/back/niwviu/vendor/codeigniter4/framework/system/CodeIgniter.php(502): CodeIgniter\CodeIgniter->runController(Object(App\Controllers\Books))
#9 /var/www/vhosts/ubaldodiaznunez/back/niwviu/vendor/codeigniter4/framework/system/CodeIgniter.php(361): CodeIgniter\CodeIgniter->handleRequest(Object(CodeIgniter\Router\RouteCollection), Object(Config\Cache), true)
#10 /var/www/vhosts/ubaldodiaznunez/back/niwviu/vendor/codeigniter4/framework/system/Test/FeatureTestTrait.php(179): CodeIgniter\CodeIgniter->run(Object(CodeIgniter\Router\RouteCollection), true)
#11 /var/www/vhosts/ubaldodiaznunez/back/niwviu/vendor/codeigniter4/framework/system/Test/FeatureTestTrait.php(199): Tests\Feature\Books\GetTest->call('get', '/api/v1/books', NULL)
#12 /var/www/vhosts/ubaldodiaznunez/back/niwviu/tests/Features/Books/GetTest.php(46): Tests\Feature\Books\GetTest->get('/api/v1/books')
#13 /var/www/vhosts/ubaldodiaznunez/back/niwviu/vendor/phpunit/phpunit/src/Framework/TestCase.php(1612): Tests\Feature\Books\GetTest->test_success()
#14 /var/www/vhosts/ubaldodiaznunez/back/niwviu/vendor/phpunit/phpunit/src/Framework/TestCase.php(1218): PHPUnit\Framework\TestCase->runTest()
#15 /var/www/vhosts/ubaldodiaznunez/back/niwviu/vendor/phpunit/phpunit/src/Framework/TestResult.php(728): PHPUnit\Framework\TestCase->runBare()
#16 /var/www/vhosts/ubaldodiaznunez/back/niwviu/vendor/phpunit/phpunit/src/Framework/TestCase.php(968): PHPUnit\Framework\TestResult->run(Object(Tests\Feature\Books\GetTest))
#17 /var/www/vhosts/ubaldodiaznunez/back/niwviu/vendor/phpunit/phpunit/src/Framework/TestSuite.php(684): PHPUnit\Framework\TestCase->run(Object(PHPUnit\Framework\TestResult))
#18 /var/www/vhosts/ubaldodiaznunez/back/niwviu/vendor/phpunit/phpunit/src/TextUI/TestRunner.php(651): PHPUnit\Framework\TestSuite->run(Object(PHPUnit\Framework\TestResult))
#19 /var/www/vhosts/ubaldodiaznunez/back/niwviu/vendor/phpunit/phpunit/src/TextUI/Command.php(145): PHPUnit\TextUI\TestRunner->run(Object(PHPUnit\Framework\TestSuite), Array, Array, true)
#20 /var/www/vhosts/ubaldodiaznunez/back/niwviu/vendor/phpunit/phpunit/src/TextUI/Command.php(98): PHPUnit\TextUI\Command->run(Array, true)
#21 /var/www/vhosts/ubaldodiaznunez/back/niwviu/vendor/phpunit/phpunit/phpunit(107): PHPUnit\TextUI\Command::main()
#22 /var/www/vhosts/ubaldodiaznunez/back/niwviu/vendor/bin/phpunit(122): include('/var/www/vhosts...')
#23 {main}
ERROR - 2024-03-08 23:30:55 --> mysqli_sql_exception: Unknown column 'bookId' in 'on clause' in /var/www/vhosts/ubaldodiaznunez/back/niwviu/vendor/codeigniter4/framework/system/Database/mysqli/Connection.php:306
Stack trace:
#0 /var/www/vhosts/ubaldodiaznunez/back/niwviu/vendor/codeigniter4/framework/system/Database/mysqli/Connection.php(306): mysqli->query('SELECT *\nFROM `...', 0)
#1 /var/www/vhosts/ubaldodiaznunez/back/niwviu/vendor/codeigniter4/framework/system/Database/BaseConnection.php(693): CodeIgniter\Database\MySQLi\Connection->execute('SELECT *\nFROM `...')
#2 /var/www/vhosts/ubaldodiaznunez/back/niwviu/vendor/codeigniter4/framework/system/Database/BaseConnection.php(607): CodeIgniter\Database\BaseConnection->simpleQuery('SELECT *\nFROM `...')
#3 /var/www/vhosts/ubaldodiaznunez/back/niwviu/vendor/codeigniter4/framework/system/Database/BaseBuilder.php(1616): CodeIgniter\Database\BaseConnection->query('SELECT *\nFROM `...', Array, false)
#4 /var/www/vhosts/ubaldodiaznunez/back/niwviu/vendor/codeigniter4/framework/system/Model.php(242): CodeIgniter\Database\BaseBuilder->get()
#5 /var/www/vhosts/ubaldodiaznunez/back/niwviu/vendor/codeigniter4/framework/system/BaseModel.php(638): CodeIgniter\Model->doFindAll(0, 0)
#6 /var/www/vhosts/ubaldodiaznunez/back/niwviu/app/Controllers/Books.php(21): CodeIgniter\BaseModel->findAll()
#7 /var/www/vhosts/ubaldodiaznunez/back/niwviu/vendor/codeigniter4/framework/system/CodeIgniter.php(941): App\Controllers\Books->index()
#8 /var/www/vhosts/ubaldodiaznunez/back/niwviu/vendor/codeigniter4/framework/system/CodeIgniter.php(502): CodeIgniter\CodeIgniter->runController(Object(App\Controllers\Books))
#9 /var/www/vhosts/ubaldodiaznunez/back/niwviu/vendor/codeigniter4/framework/system/CodeIgniter.php(361): CodeIgniter\CodeIgniter->handleRequest(Object(CodeIgniter\Router\RouteCollection), Object(Config\Cache), true)
#10 /var/www/vhosts/ubaldodiaznunez/back/niwviu/vendor/codeigniter4/framework/system/Test/FeatureTestTrait.php(179): CodeIgniter\CodeIgniter->run(Object(CodeIgniter\Router\RouteCollection), true)
#11 /var/www/vhosts/ubaldodiaznunez/back/niwviu/vendor/codeigniter4/framework/system/Test/FeatureTestTrait.php(199): Tests\Feature\Books\GetTest->call('get', '/api/v1/books', NULL)
#12 /var/www/vhosts/ubaldodiaznunez/back/niwviu/tests/Features/Books/GetTest.php(46): Tests\Feature\Books\GetTest->get('/api/v1/books')
#13 /var/www/vhosts/ubaldodiaznunez/back/niwviu/vendor/phpunit/phpunit/src/Framework/TestCase.php(1612): Tests\Feature\Books\GetTest->test_success()
#14 /var/www/vhosts/ubaldodiaznunez/back/niwviu/vendor/phpunit/phpunit/src/Framework/TestCase.php(1218): PHPUnit\Framework\TestCase->runTest()
#15 /var/www/vhosts/ubaldodiaznunez/back/niwviu/vendor/phpunit/phpunit/src/Framework/TestResult.php(728): PHPUnit\Framework\TestCase->runBare()
#16 /var/www/vhosts/ubaldodiaznunez/back/niwviu/vendor/phpunit/phpunit/src/Framework/TestCase.php(968): PHPUnit\Framework\TestResult->run(Object(Tests\Feature\Books\GetTest))
#17 /var/www/vhosts/ubaldodiaznunez/back/niwviu/vendor/phpunit/phpunit/src/Framework/TestSuite.php(684): PHPUnit\Framework\TestCase->run(Object(PHPUnit\Framework\TestResult))
#18 /var/www/vhosts/ubaldodiaznunez/back/niwviu/vendor/phpunit/phpunit/src/TextUI/TestRunner.php(651): PHPUnit\Framework\TestSuite->run(Object(PHPUnit\Framework\TestResult))
#19 /var/www/vhosts/ubaldodiaznunez/back/niwviu/vendor/phpunit/phpunit/src/TextUI/Command.php(145): PHPUnit\TextUI\TestRunner->run(Object(PHPUnit\Framework\TestSuite), Array, Array, true)
#20 /var/www/vhosts/ubaldodiaznunez/back/niwviu/vendor/phpunit/phpunit/src/TextUI/Command.php(98): PHPUnit\TextUI\Command->run(Array, true)
#21 /var/www/vhosts/ubaldodiaznunez/back/niwviu/vendor/phpunit/phpunit/phpunit(107): PHPUnit\TextUI\Command::main()
#22 /var/www/vhosts/ubaldodiaznunez/back/niwviu/vendor/bin/phpunit(122): include('/var/www/vhosts...')
#23 {main}
ERROR - 2024-03-08 23:33:12 --> mysqli_sql_exception: Unknown column 'book.id' in 'field list' in /var/www/vhosts/ubaldodiaznunez/back/niwviu/vendor/codeigniter4/framework/system/Database/mysqli/Connection.php:306
Stack trace:
#0 /var/www/vhosts/ubaldodiaznunez/back/niwviu/vendor/codeigniter4/framework/system/Database/mysqli/Connection.php(306): mysqli->query('SELECT `book`.`...', 0)
#1 /var/www/vhosts/ubaldodiaznunez/back/niwviu/vendor/codeigniter4/framework/system/Database/BaseConnection.php(693): CodeIgniter\Database\MySQLi\Connection->execute('SELECT `book`.`...')
#2 /var/www/vhosts/ubaldodiaznunez/back/niwviu/vendor/codeigniter4/framework/system/Database/BaseConnection.php(607): CodeIgniter\Database\BaseConnection->simpleQuery('SELECT `book`.`...')
#3 /var/www/vhosts/ubaldodiaznunez/back/niwviu/vendor/codeigniter4/framework/system/Database/BaseBuilder.php(1616): CodeIgniter\Database\BaseConnection->query('SELECT `book`.`...', Array, false)
#4 /var/www/vhosts/ubaldodiaznunez/back/niwviu/vendor/codeigniter4/framework/system/Model.php(242): CodeIgniter\Database\BaseBuilder->get()
#5 /var/www/vhosts/ubaldodiaznunez/back/niwviu/vendor/codeigniter4/framework/system/BaseModel.php(638): CodeIgniter\Model->doFindAll(0, 0)
#6 /var/www/vhosts/ubaldodiaznunez/back/niwviu/app/Controllers/Books.php(22): CodeIgniter\BaseModel->findAll()
#7 /var/www/vhosts/ubaldodiaznunez/back/niwviu/vendor/codeigniter4/framework/system/CodeIgniter.php(941): App\Controllers\Books->index()
#8 /var/www/vhosts/ubaldodiaznunez/back/niwviu/vendor/codeigniter4/framework/system/CodeIgniter.php(502): CodeIgniter\CodeIgniter->runController(Object(App\Controllers\Books))
#9 /var/www/vhosts/ubaldodiaznunez/back/niwviu/vendor/codeigniter4/framework/system/CodeIgniter.php(361): CodeIgniter\CodeIgniter->handleRequest(Object(CodeIgniter\Router\RouteCollection), Object(Config\Cache), true)
#10 /var/www/vhosts/ubaldodiaznunez/back/niwviu/vendor/codeigniter4/framework/system/Test/FeatureTestTrait.php(179): CodeIgniter\CodeIgniter->run(Object(CodeIgniter\Router\RouteCollection), true)
#11 /var/www/vhosts/ubaldodiaznunez/back/niwviu/vendor/codeigniter4/framework/system/Test/FeatureTestTrait.php(199): Tests\Feature\Books\GetTest->call('get', '/api/v1/books', NULL)
#12 /var/www/vhosts/ubaldodiaznunez/back/niwviu/tests/Features/Books/GetTest.php(46): Tests\Feature\Books\GetTest->get('/api/v1/books')
#13 /var/www/vhosts/ubaldodiaznunez/back/niwviu/vendor/phpunit/phpunit/src/Framework/TestCase.php(1612): Tests\Feature\Books\GetTest->test_success()
#14 /var/www/vhosts/ubaldodiaznunez/back/niwviu/vendor/phpunit/phpunit/src/Framework/TestCase.php(1218): PHPUnit\Framework\TestCase->runTest()
#15 /var/www/vhosts/ubaldodiaznunez/back/niwviu/vendor/phpunit/phpunit/src/Framework/TestResult.php(728): PHPUnit\Framework\TestCase->runBare()
#16 /var/www/vhosts/ubaldodiaznunez/back/niwviu/vendor/phpunit/phpunit/src/Framework/TestCase.php(968): PHPUnit\Framework\TestResult->run(Object(Tests\Feature\Books\GetTest))
#17 /var/www/vhosts/ubaldodiaznunez/back/niwviu/vendor/phpunit/phpunit/src/Framework/TestSuite.php(684): PHPUnit\Framework\TestCase->run(Object(PHPUnit\Framework\TestResult))
#18 /var/www/vhosts/ubaldodiaznunez/back/niwviu/vendor/phpunit/phpunit/src/TextUI/TestRunner.php(651): PHPUnit\Framework\TestSuite->run(Object(PHPUnit\Framework\TestResult))
#19 /var/www/vhosts/ubaldodiaznunez/back/niwviu/vendor/phpunit/phpunit/src/TextUI/Command.php(145): PHPUnit\TextUI\TestRunner->run(Object(PHPUnit\Framework\TestSuite), Array, Array, true)
#20 /var/www/vhosts/ubaldodiaznunez/back/niwviu/vendor/phpunit/phpunit/src/TextUI/Command.php(98): PHPUnit\TextUI\Command->run(Array, true)
#21 /var/www/vhosts/ubaldodiaznunez/back/niwviu/vendor/phpunit/phpunit/phpunit(107): PHPUnit\TextUI\Command::main()
#22 /var/www/vhosts/ubaldodiaznunez/back/niwviu/vendor/bin/phpunit(122): include('/var/www/vhosts...')
#23 {main}
ERROR - 2024-03-08 23:33:24 --> mysqli_sql_exception: Unknown column 'book.id' in 'field list' in /var/www/vhosts/ubaldodiaznunez/back/niwviu/vendor/codeigniter4/framework/system/Database/mysqli/Connection.php:306
Stack trace:
#0 /var/www/vhosts/ubaldodiaznunez/back/niwviu/vendor/codeigniter4/framework/system/Database/mysqli/Connection.php(306): mysqli->query('SELECT `book`.`...', 0)
#1 /var/www/vhosts/ubaldodiaznunez/back/niwviu/vendor/codeigniter4/framework/system/Database/BaseConnection.php(693): CodeIgniter\Database\MySQLi\Connection->execute('SELECT `book`.`...')
#2 /var/www/vhosts/ubaldodiaznunez/back/niwviu/vendor/codeigniter4/framework/system/Database/BaseConnection.php(607): CodeIgniter\Database\BaseConnection->simpleQuery('SELECT `book`.`...')
#3 /var/www/vhosts/ubaldodiaznunez/back/niwviu/vendor/codeigniter4/framework/system/Database/BaseBuilder.php(1616): CodeIgniter\Database\BaseConnection->query('SELECT `book`.`...', Array, false)
#4 /var/www/vhosts/ubaldodiaznunez/back/niwviu/vendor/codeigniter4/framework/system/Model.php(242): CodeIgniter\Database\BaseBuilder->get()
#5 /var/www/vhosts/ubaldodiaznunez/back/niwviu/vendor/codeigniter4/framework/system/BaseModel.php(638): CodeIgniter\Model->doFindAll(0, 0)
#6 /var/www/vhosts/ubaldodiaznunez/back/niwviu/app/Controllers/Books.php(22): CodeIgniter\BaseModel->findAll()
#7 /var/www/vhosts/ubaldodiaznunez/back/niwviu/vendor/codeigniter4/framework/system/CodeIgniter.php(941): App\Controllers\Books->index()
#8 /var/www/vhosts/ubaldodiaznunez/back/niwviu/vendor/codeigniter4/framework/system/CodeIgniter.php(502): CodeIgniter\CodeIgniter->runController(Object(App\Controllers\Books))
#9 /var/www/vhosts/ubaldodiaznunez/back/niwviu/vendor/codeigniter4/framework/system/CodeIgniter.php(361): CodeIgniter\CodeIgniter->handleRequest(Object(CodeIgniter\Router\RouteCollection), Object(Config\Cache), true)
#10 /var/www/vhosts/ubaldodiaznunez/back/niwviu/vendor/codeigniter4/framework/system/Test/FeatureTestTrait.php(179): CodeIgniter\CodeIgniter->run(Object(CodeIgniter\Router\RouteCollection), true)
#11 /var/www/vhosts/ubaldodiaznunez/back/niwviu/vendor/codeigniter4/framework/system/Test/FeatureTestTrait.php(199): Tests\Feature\Books\GetTest->call('get', '/api/v1/books', NULL)
#12 /var/www/vhosts/ubaldodiaznunez/back/niwviu/tests/Features/Books/GetTest.php(46): Tests\Feature\Books\GetTest->get('/api/v1/books')
#13 /var/www/vhosts/ubaldodiaznunez/back/niwviu/vendor/phpunit/phpunit/src/Framework/TestCase.php(1612): Tests\Feature\Books\GetTest->test_success()
#14 /var/www/vhosts/ubaldodiaznunez/back/niwviu/vendor/phpunit/phpunit/src/Framework/TestCase.php(1218): PHPUnit\Framework\TestCase->runTest()
#15 /var/www/vhosts/ubaldodiaznunez/back/niwviu/vendor/phpunit/phpunit/src/Framework/TestResult.php(728): PHPUnit\Framework\TestCase->runBare()
#16 /var/www/vhosts/ubaldodiaznunez/back/niwviu/vendor/phpunit/phpunit/src/Framework/TestCase.php(968): PHPUnit\Framework\TestResult->run(Object(Tests\Feature\Books\GetTest))
#17 /var/www/vhosts/ubaldodiaznunez/back/niwviu/vendor/phpunit/phpunit/src/Framework/TestSuite.php(684): PHPUnit\Framework\TestCase->run(Object(PHPUnit\Framework\TestResult))
#18 /var/www/vhosts/ubaldodiaznunez/back/niwviu/vendor/phpunit/phpunit/src/TextUI/TestRunner.php(651): PHPUnit\Framework\TestSuite->run(Object(PHPUnit\Framework\TestResult))
#19 /var/www/vhosts/ubaldodiaznunez/back/niwviu/vendor/phpunit/phpunit/src/TextUI/Command.php(145): PHPUnit\TextUI\TestRunner->run(Object(PHPUnit\Framework\TestSuite), Array, Array, true)
#20 /var/www/vhosts/ubaldodiaznunez/back/niwviu/vendor/phpunit/phpunit/src/TextUI/Command.php(98): PHPUnit\TextUI\Command->run(Array, true)
#21 /var/www/vhosts/ubaldodiaznunez/back/niwviu/vendor/phpunit/phpunit/phpunit(107): PHPUnit\TextUI\Command::main()
#22 /var/www/vhosts/ubaldodiaznunez/back/niwviu/vendor/bin/phpunit(122): include('/var/www/vhosts...')
#23 {main}
ERROR - 2024-03-08 23:33:37 --> mysqli_sql_exception: Unknown column 'bookId' in 'on clause' in /var/www/vhosts/ubaldodiaznunez/back/niwviu/vendor/codeigniter4/framework/system/Database/mysqli/Connection.php:306
Stack trace:
#0 /var/www/vhosts/ubaldodiaznunez/back/niwviu/vendor/codeigniter4/framework/system/Database/mysqli/Connection.php(306): mysqli->query('SELECT `books`....', 0)
#1 /var/www/vhosts/ubaldodiaznunez/back/niwviu/vendor/codeigniter4/framework/system/Database/BaseConnection.php(693): CodeIgniter\Database\MySQLi\Connection->execute('SELECT `books`....')
#2 /var/www/vhosts/ubaldodiaznunez/back/niwviu/vendor/codeigniter4/framework/system/Database/BaseConnection.php(607): CodeIgniter\Database\BaseConnection->simpleQuery('SELECT `books`....')
#3 /var/www/vhosts/ubaldodiaznunez/back/niwviu/vendor/codeigniter4/framework/system/Database/BaseBuilder.php(1616): CodeIgniter\Database\BaseConnection->query('SELECT `books`....', Array, false)
#4 /var/www/vhosts/ubaldodiaznunez/back/niwviu/vendor/codeigniter4/framework/system/Model.php(242): CodeIgniter\Database\BaseBuilder->get()
#5 /var/www/vhosts/ubaldodiaznunez/back/niwviu/vendor/codeigniter4/framework/system/BaseModel.php(638): CodeIgniter\Model->doFindAll(0, 0)
#6 /var/www/vhosts/ubaldodiaznunez/back/niwviu/app/Controllers/Books.php(22): CodeIgniter\BaseModel->findAll()
#7 /var/www/vhosts/ubaldodiaznunez/back/niwviu/vendor/codeigniter4/framework/system/CodeIgniter.php(941): App\Controllers\Books->index()
#8 /var/www/vhosts/ubaldodiaznunez/back/niwviu/vendor/codeigniter4/framework/system/CodeIgniter.php(502): CodeIgniter\CodeIgniter->runController(Object(App\Controllers\Books))
#9 /var/www/vhosts/ubaldodiaznunez/back/niwviu/vendor/codeigniter4/framework/system/CodeIgniter.php(361): CodeIgniter\CodeIgniter->handleRequest(Object(CodeIgniter\Router\RouteCollection), Object(Config\Cache), true)
#10 /var/www/vhosts/ubaldodiaznunez/back/niwviu/vendor/codeigniter4/framework/system/Test/FeatureTestTrait.php(179): CodeIgniter\CodeIgniter->run(Object(CodeIgniter\Router\RouteCollection), true)
#11 /var/www/vhosts/ubaldodiaznunez/back/niwviu/vendor/codeigniter4/framework/system/Test/FeatureTestTrait.php(199): Tests\Feature\Books\GetTest->call('get', '/api/v1/books', NULL)
#12 /var/www/vhosts/ubaldodiaznunez/back/niwviu/tests/Features/Books/GetTest.php(46): Tests\Feature\Books\GetTest->get('/api/v1/books')
#13 /var/www/vhosts/ubaldodiaznunez/back/niwviu/vendor/phpunit/phpunit/src/Framework/TestCase.php(1612): Tests\Feature\Books\GetTest->test_success()
#14 /var/www/vhosts/ubaldodiaznunez/back/niwviu/vendor/phpunit/phpunit/src/Framework/TestCase.php(1218): PHPUnit\Framework\TestCase->runTest()
#15 /var/www/vhosts/ubaldodiaznunez/back/niwviu/vendor/phpunit/phpunit/src/Framework/TestResult.php(728): PHPUnit\Framework\TestCase->runBare()
#16 /var/www/vhosts/ubaldodiaznunez/back/niwviu/vendor/phpunit/phpunit/src/Framework/TestCase.php(968): PHPUnit\Framework\TestResult->run(Object(Tests\Feature\Books\GetTest))
#17 /var/www/vhosts/ubaldodiaznunez/back/niwviu/vendor/phpunit/phpunit/src/Framework/TestSuite.php(684): PHPUnit\Framework\TestCase->run(Object(PHPUnit\Framework\TestResult))
#18 /var/www/vhosts/ubaldodiaznunez/back/niwviu/vendor/phpunit/phpunit/src/TextUI/TestRunner.php(651): PHPUnit\Framework\TestSuite->run(Object(PHPUnit\Framework\TestResult))
#19 /var/www/vhosts/ubaldodiaznunez/back/niwviu/vendor/phpunit/phpunit/src/TextUI/Command.php(145): PHPUnit\TextUI\TestRunner->run(Object(PHPUnit\Framework\TestSuite), Array, Array, true)
#20 /var/www/vhosts/ubaldodiaznunez/back/niwviu/vendor/phpunit/phpunit/src/TextUI/Command.php(98): PHPUnit\TextUI\Command->run(Array, true)
#21 /var/www/vhosts/ubaldodiaznunez/back/niwviu/vendor/phpunit/phpunit/phpunit(107): PHPUnit\TextUI\Command::main()
#22 /var/www/vhosts/ubaldodiaznunez/back/niwviu/vendor/bin/phpunit(122): include('/var/www/vhosts...')
#23 {main}
ERROR - 2024-03-08 23:33:57 --> mysqli_sql_exception: Unknown column 'categoryId' in 'on clause' in /var/www/vhosts/ubaldodiaznunez/back/niwviu/vendor/codeigniter4/framework/system/Database/mysqli/Connection.php:306
Stack trace:
#0 /var/www/vhosts/ubaldodiaznunez/back/niwviu/vendor/codeigniter4/framework/system/Database/mysqli/Connection.php(306): mysqli->query('SELECT `books`....', 0)
#1 /var/www/vhosts/ubaldodiaznunez/back/niwviu/vendor/codeigniter4/framework/system/Database/BaseConnection.php(693): CodeIgniter\Database\MySQLi\Connection->execute('SELECT `books`....')
#2 /var/www/vhosts/ubaldodiaznunez/back/niwviu/vendor/codeigniter4/framework/system/Database/BaseConnection.php(607): CodeIgniter\Database\BaseConnection->simpleQuery('SELECT `books`....')
#3 /var/www/vhosts/ubaldodiaznunez/back/niwviu/vendor/codeigniter4/framework/system/Database/BaseBuilder.php(1616): CodeIgniter\Database\BaseConnection->query('SELECT `books`....', Array, false)
#4 /var/www/vhosts/ubaldodiaznunez/back/niwviu/vendor/codeigniter4/framework/system/Model.php(242): CodeIgniter\Database\BaseBuilder->get()
#5 /var/www/vhosts/ubaldodiaznunez/back/niwviu/vendor/codeigniter4/framework/system/BaseModel.php(638): CodeIgniter\Model->doFindAll(0, 0)
#6 /var/www/vhosts/ubaldodiaznunez/back/niwviu/app/Controllers/Books.php(22): CodeIgniter\BaseModel->findAll()
#7 /var/www/vhosts/ubaldodiaznunez/back/niwviu/vendor/codeigniter4/framework/system/CodeIgniter.php(941): App\Controllers\Books->index()
#8 /var/www/vhosts/ubaldodiaznunez/back/niwviu/vendor/codeigniter4/framework/system/CodeIgniter.php(502): CodeIgniter\CodeIgniter->runController(Object(App\Controllers\Books))
#9 /var/www/vhosts/ubaldodiaznunez/back/niwviu/vendor/codeigniter4/framework/system/CodeIgniter.php(361): CodeIgniter\CodeIgniter->handleRequest(Object(CodeIgniter\Router\RouteCollection), Object(Config\Cache), true)
#10 /var/www/vhosts/ubaldodiaznunez/back/niwviu/vendor/codeigniter4/framework/system/Test/FeatureTestTrait.php(179): CodeIgniter\CodeIgniter->run(Object(CodeIgniter\Router\RouteCollection), true)
#11 /var/www/vhosts/ubaldodiaznunez/back/niwviu/vendor/codeigniter4/framework/system/Test/FeatureTestTrait.php(199): Tests\Feature\Books\GetTest->call('get', '/api/v1/books', NULL)
#12 /var/www/vhosts/ubaldodiaznunez/back/niwviu/tests/Features/Books/GetTest.php(46): Tests\Feature\Books\GetTest->get('/api/v1/books')
#13 /var/www/vhosts/ubaldodiaznunez/back/niwviu/vendor/phpunit/phpunit/src/Framework/TestCase.php(1612): Tests\Feature\Books\GetTest->test_success()
#14 /var/www/vhosts/ubaldodiaznunez/back/niwviu/vendor/phpunit/phpunit/src/Framework/TestCase.php(1218): PHPUnit\Framework\TestCase->runTest()
#15 /var/www/vhosts/ubaldodiaznunez/back/niwviu/vendor/phpunit/phpunit/src/Framework/TestResult.php(728): PHPUnit\Framework\TestCase->runBare()
#16 /var/www/vhosts/ubaldodiaznunez/back/niwviu/vendor/phpunit/phpunit/src/Framework/TestCase.php(968): PHPUnit\Framework\TestResult->run(Object(Tests\Feature\Books\GetTest))
#17 /var/www/vhosts/ubaldodiaznunez/back/niwviu/vendor/phpunit/phpunit/src/Framework/TestSuite.php(684): PHPUnit\Framework\TestCase->run(Object(PHPUnit\Framework\TestResult))
#18 /var/www/vhosts/ubaldodiaznunez/back/niwviu/vendor/phpunit/phpunit/src/TextUI/TestRunner.php(651): PHPUnit\Framework\TestSuite->run(Object(PHPUnit\Framework\TestResult))
#19 /var/www/vhosts/ubaldodiaznunez/back/niwviu/vendor/phpunit/phpunit/src/TextUI/Command.php(145): PHPUnit\TextUI\TestRunner->run(Object(PHPUnit\Framework\TestSuite), Array, Array, true)
#20 /var/www/vhosts/ubaldodiaznunez/back/niwviu/vendor/phpunit/phpunit/src/TextUI/Command.php(98): PHPUnit\TextUI\Command->run(Array, true)
#21 /var/www/vhosts/ubaldodiaznunez/back/niwviu/vendor/phpunit/phpunit/phpunit(107): PHPUnit\TextUI\Command::main()
#22 /var/www/vhosts/ubaldodiaznunez/back/niwviu/vendor/bin/phpunit(122): include('/var/www/vhosts...')
#23 {main}
ERROR - 2024-03-08 23:48:10 --> mysqli_sql_exception: Unknown column 'books.is_available' in 'where clause' in /var/www/vhosts/ubaldodiaznunez/back/niwviu/vendor/codeigniter4/framework/system/Database/mysqli/Connection.php:306
Stack trace:
#0 /var/www/vhosts/ubaldodiaznunez/back/niwviu/vendor/codeigniter4/framework/system/Database/mysqli/Connection.php(306): mysqli->query('SELECT `categor...', 0)
#1 /var/www/vhosts/ubaldodiaznunez/back/niwviu/vendor/codeigniter4/framework/system/Database/BaseConnection.php(693): CodeIgniter\Database\MySQLi\Connection->execute('SELECT `categor...')
#2 /var/www/vhosts/ubaldodiaznunez/back/niwviu/vendor/codeigniter4/framework/system/Database/BaseConnection.php(607): CodeIgniter\Database\BaseConnection->simpleQuery('SELECT `categor...')
#3 /var/www/vhosts/ubaldodiaznunez/back/niwviu/vendor/codeigniter4/framework/system/Database/BaseBuilder.php(1616): CodeIgniter\Database\BaseConnection->query('SELECT `categor...', Array, false)
#4 /var/www/vhosts/ubaldodiaznunez/back/niwviu/vendor/codeigniter4/framework/system/Model.php(242): CodeIgniter\Database\BaseBuilder->get()
#5 /var/www/vhosts/ubaldodiaznunez/back/niwviu/vendor/codeigniter4/framework/system/BaseModel.php(638): CodeIgniter\Model->doFindAll(0, 0)
#6 /var/www/vhosts/ubaldodiaznunez/back/niwviu/app/Controllers/Books.php(33): CodeIgniter\BaseModel->findAll()
#7 /var/www/vhosts/ubaldodiaznunez/back/niwviu/vendor/codeigniter4/framework/system/CodeIgniter.php(941): App\Controllers\Books->index()
#8 /var/www/vhosts/ubaldodiaznunez/back/niwviu/vendor/codeigniter4/framework/system/CodeIgniter.php(502): CodeIgniter\CodeIgniter->runController(Object(App\Controllers\Books))
#9 /var/www/vhosts/ubaldodiaznunez/back/niwviu/vendor/codeigniter4/framework/system/CodeIgniter.php(361): CodeIgniter\CodeIgniter->handleRequest(Object(CodeIgniter\Router\RouteCollection), Object(Config\Cache), true)
#10 /var/www/vhosts/ubaldodiaznunez/back/niwviu/vendor/codeigniter4/framework/system/Test/FeatureTestTrait.php(179): CodeIgniter\CodeIgniter->run(Object(CodeIgniter\Router\RouteCollection), true)
#11 /var/www/vhosts/ubaldodiaznunez/back/niwviu/vendor/codeigniter4/framework/system/Test/FeatureTestTrait.php(199): Tests\Feature\Books\GetTest->call('get', '/api/v1/books', NULL)
#12 /var/www/vhosts/ubaldodiaznunez/back/niwviu/tests/Features/Books/GetTest.php(46): Tests\Feature\Books\GetTest->get('/api/v1/books')
#13 /var/www/vhosts/ubaldodiaznunez/back/niwviu/vendor/phpunit/phpunit/src/Framework/TestCase.php(1612): Tests\Feature\Books\GetTest->test_success()
#14 /var/www/vhosts/ubaldodiaznunez/back/niwviu/vendor/phpunit/phpunit/src/Framework/TestCase.php(1218): PHPUnit\Framework\TestCase->runTest()
#15 /var/www/vhosts/ubaldodiaznunez/back/niwviu/vendor/phpunit/phpunit/src/Framework/TestResult.php(728): PHPUnit\Framework\TestCase->runBare()
#16 /var/www/vhosts/ubaldodiaznunez/back/niwviu/vendor/phpunit/phpunit/src/Framework/TestCase.php(968): PHPUnit\Framework\TestResult->run(Object(Tests\Feature\Books\GetTest))
#17 /var/www/vhosts/ubaldodiaznunez/back/niwviu/vendor/phpunit/phpunit/src/Framework/TestSuite.php(684): PHPUnit\Framework\TestCase->run(Object(PHPUnit\Framework\TestResult))
#18 /var/www/vhosts/ubaldodiaznunez/back/niwviu/vendor/phpunit/phpunit/src/TextUI/TestRunner.php(651): PHPUnit\Framework\TestSuite->run(Object(PHPUnit\Framework\TestResult))
#19 /var/www/vhosts/ubaldodiaznunez/back/niwviu/vendor/phpunit/phpunit/src/TextUI/Command.php(145): PHPUnit\TextUI\TestRunner->run(Object(PHPUnit\Framework\TestSuite), Array, Array, true)
#20 /var/www/vhosts/ubaldodiaznunez/back/niwviu/vendor/phpunit/phpunit/src/TextUI/Command.php(98): PHPUnit\TextUI\Command->run(Array, true)
#21 /var/www/vhosts/ubaldodiaznunez/back/niwviu/vendor/phpunit/phpunit/phpunit(107): PHPUnit\TextUI\Command::main()
#22 /var/www/vhosts/ubaldodiaznunez/back/niwviu/vendor/bin/phpunit(122): include('/var/www/vhosts...')
#23 {main}
ERROR - 2024-03-08 23:48:29 --> mysqli_sql_exception: Unknown column 'books.is_available' in 'field list' in /var/www/vhosts/ubaldodiaznunez/back/niwviu/vendor/codeigniter4/framework/system/Database/mysqli/Connection.php:306
Stack trace:
#0 /var/www/vhosts/ubaldodiaznunez/back/niwviu/vendor/codeigniter4/framework/system/Database/mysqli/Connection.php(306): mysqli->query('SELECT `categor...', 0)
#1 /var/www/vhosts/ubaldodiaznunez/back/niwviu/vendor/codeigniter4/framework/system/Database/BaseConnection.php(693): CodeIgniter\Database\MySQLi\Connection->execute('SELECT `categor...')
#2 /var/www/vhosts/ubaldodiaznunez/back/niwviu/vendor/codeigniter4/framework/system/Database/BaseConnection.php(607): CodeIgniter\Database\BaseConnection->simpleQuery('SELECT `categor...')
#3 /var/www/vhosts/ubaldodiaznunez/back/niwviu/vendor/codeigniter4/framework/system/Database/BaseBuilder.php(1616): CodeIgniter\Database\BaseConnection->query('SELECT `categor...', Array, false)
#4 /var/www/vhosts/ubaldodiaznunez/back/niwviu/vendor/codeigniter4/framework/system/Model.php(242): CodeIgniter\Database\BaseBuilder->get()
#5 /var/www/vhosts/ubaldodiaznunez/back/niwviu/vendor/codeigniter4/framework/system/BaseModel.php(638): CodeIgniter\Model->doFindAll(0, 0)
#6 /var/www/vhosts/ubaldodiaznunez/back/niwviu/app/Controllers/Books.php(34): CodeIgniter\BaseModel->findAll()
#7 /var/www/vhosts/ubaldodiaznunez/back/niwviu/vendor/codeigniter4/framework/system/CodeIgniter.php(941): App\Controllers\Books->index()
#8 /var/www/vhosts/ubaldodiaznunez/back/niwviu/vendor/codeigniter4/framework/system/CodeIgniter.php(502): CodeIgniter\CodeIgniter->runController(Object(App\Controllers\Books))
#9 /var/www/vhosts/ubaldodiaznunez/back/niwviu/vendor/codeigniter4/framework/system/CodeIgniter.php(361): CodeIgniter\CodeIgniter->handleRequest(Object(CodeIgniter\Router\RouteCollection), Object(Config\Cache), true)
#10 /var/www/vhosts/ubaldodiaznunez/back/niwviu/vendor/codeigniter4/framework/system/Test/FeatureTestTrait.php(179): CodeIgniter\CodeIgniter->run(Object(CodeIgniter\Router\RouteCollection), true)
#11 /var/www/vhosts/ubaldodiaznunez/back/niwviu/vendor/codeigniter4/framework/system/Test/FeatureTestTrait.php(199): Tests\Feature\Books\GetTest->call('get', '/api/v1/books', NULL)
#12 /var/www/vhosts/ubaldodiaznunez/back/niwviu/tests/Features/Books/GetTest.php(46): Tests\Feature\Books\GetTest->get('/api/v1/books')
#13 /var/www/vhosts/ubaldodiaznunez/back/niwviu/vendor/phpunit/phpunit/src/Framework/TestCase.php(1612): Tests\Feature\Books\GetTest->test_success()
#14 /var/www/vhosts/ubaldodiaznunez/back/niwviu/vendor/phpunit/phpunit/src/Framework/TestCase.php(1218): PHPUnit\Framework\TestCase->runTest()
#15 /var/www/vhosts/ubaldodiaznunez/back/niwviu/vendor/phpunit/phpunit/src/Framework/TestResult.php(728): PHPUnit\Framework\TestCase->runBare()
#16 /var/www/vhosts/ubaldodiaznunez/back/niwviu/vendor/phpunit/phpunit/src/Framework/TestCase.php(968): PHPUnit\Framework\TestResult->run(Object(Tests\Feature\Books\GetTest))
#17 /var/www/vhosts/ubaldodiaznunez/back/niwviu/vendor/phpunit/phpunit/src/Framework/TestSuite.php(684): PHPUnit\Framework\TestCase->run(Object(PHPUnit\Framework\TestResult))
#18 /var/www/vhosts/ubaldodiaznunez/back/niwviu/vendor/phpunit/phpunit/src/TextUI/TestRunner.php(651): PHPUnit\Framework\TestSuite->run(Object(PHPUnit\Framework\TestResult))
#19 /var/www/vhosts/ubaldodiaznunez/back/niwviu/vendor/phpunit/phpunit/src/TextUI/Command.php(145): PHPUnit\TextUI\TestRunner->run(Object(PHPUnit\Framework\TestSuite), Array, Array, true)
#20 /var/www/vhosts/ubaldodiaznunez/back/niwviu/vendor/phpunit/phpunit/src/TextUI/Command.php(98): PHPUnit\TextUI\Command->run(Array, true)
#21 /var/www/vhosts/ubaldodiaznunez/back/niwviu/vendor/phpunit/phpunit/phpunit(107): PHPUnit\TextUI\Command::main()
#22 /var/www/vhosts/ubaldodiaznunez/back/niwviu/vendor/bin/phpunit(122): include('/var/www/vhosts...')
#23 {main}
